<?xml version="1.0" encoding="UTF-8"?>
<testsuite name="cl.ucn.disc.pdis.fivet.TestDAO" tests="1" skipped="0" failures="0" errors="0" timestamp="2022-04-20T23:47:05" hostname="LAPTOP-36S05MD7" time="0.695">
  <properties/>
  <testcase name="The Main Test" classname="cl.ucn.disc.pdis.fivet.TestDAO" time="0.695"/>
  <system-out><![CDATA[19:47:05.309 [Test worker] DEBUG cl.ucn.disc.pdis.fivet.TestDAO - Starting the MainTest...
19:47:05.313 [Test worker] DEBUG cl.ucn.disc.pdis.fivet.TestDAO - Registering the ZonedDateTimeType...
19:47:05.415 [Test worker] DEBUG cl.ucn.disc.pdis.fivet.TestDAO - Building the Connection, using: jdbc:h2:mem:fivet
19:47:05.470 [Test worker] DEBUG cl.ucn.disc.pdis.fivet.TestDAO - Dropping the tables...
19:47:05.498 [Test worker] DEBUG com.j256.ormlite.dao.DaoManager - created dao for class class cl.ucn.disc.pdis.fivet.TestDAO$TheEntity with reflection
19:47:05.498 [Test worker] INFO com.j256.ormlite.table.TableUtils - dropping table 'the_entity'
19:47:05.693 [Test worker] DEBUG com.j256.ormlite.jdbc.BaseJdbcConnectionSource - opened connection to jdbc:h2:mem:fivet got #534801297
19:47:05.805 [Test worker] INFO com.j256.ormlite.table.TableUtils - ignoring drop error 'org.h2.jdbc.JdbcSQLSyntaxErrorException: Tabla "THE_ENTITY" no encontrada
Table "THE_ENTITY" not found; SQL statement:
DROP TABLE `the_entity` [42102-210]' for statement: DROP TABLE `the_entity` 
19:47:05.806 [Test worker] DEBUG cl.ucn.disc.pdis.fivet.TestDAO - Creating the tables...
19:47:05.806 [Test worker] INFO com.j256.ormlite.table.TableUtils - creating table 'the_entity'
19:47:05.823 [Test worker] INFO com.j256.ormlite.table.TableUtils - executed create table statement changed 0 rows: CREATE TABLE `the_entity` (`theString` VARCHAR(255) NOT NULL , `theDate` VARCHAR(100) NOT NULL , `theInteger` INTEGER NOT NULL , `theDouble` DOUBLE PRECISION NOT NULL , `theBoolean` BOOLEAN NOT NULL , `id` INTEGER AUTO_INCREMENT , `deletedAt` VARCHAR(100) , `createdAt` VARCHAR(100) NOT NULL ,  UNIQUE (`theString`), PRIMARY KEY (`id`) ) 
19:47:05.823 [Test worker] DEBUG cl.ucn.disc.pdis.fivet.TestDAO - Building the ORMLiteDAO...
19:47:05.824 [Test worker] DEBUG cl.ucn.disc.pdis.fivet.TestDAO - Creating entities...
19:47:05.848 [Test worker] DEBUG com.j256.ormlite.stmt.mapped.BaseMappedStatement - insert data with statement 'INSERT INTO `the_entity` (`theString` ,`theDate` ,`theInteger` ,`theDouble` ,`theBoolean` ,`deletedAt` ,`createdAt` ) VALUES (?,?,?,?,?,?,?)' and 7 args, changed 1 rows
19:47:05.848 [Test worker] DEBUG com.j256.ormlite.stmt.mapped.BaseMappedStatement - assigned id '1' from keyholder to 'id' in TheEntity object
19:47:05.914 [Test worker] DEBUG cl.ucn.disc.pdis.fivet.TestDAO - To db: cl.ucn.disc.pdis.fivet.TestDAO$TheEntity@ba84158[
  theBoolean=true
  theDate=2022-04-20T19:47:05.825369600-04:00[America/Santiago]
  theDouble=128.0
  theInteger=128
  theString=The String A
  createdAt=2022-04-20T19:47:05.825369600-04:00[America/Santiago]
  deletedAt=<null>
  id=1
]
19:47:05.916 [Test worker] DEBUG com.j256.ormlite.stmt.mapped.BaseMappedStatement - insert data with statement 'INSERT INTO `the_entity` (`theString` ,`theDate` ,`theInteger` ,`theDouble` ,`theBoolean` ,`deletedAt` ,`createdAt` ) VALUES (?,?,?,?,?,?,?)' and 7 args, changed 1 rows
19:47:05.916 [Test worker] DEBUG com.j256.ormlite.stmt.mapped.BaseMappedStatement - assigned id '2' from keyholder to 'id' in TheEntity object
19:47:05.916 [Test worker] DEBUG cl.ucn.disc.pdis.fivet.TestDAO - To db: cl.ucn.disc.pdis.fivet.TestDAO$TheEntity@c9c88e2[
  theBoolean=false
  theDate=2022-04-20T19:47:05.915125900-04:00[America/Santiago]
  theDouble=1024.0
  theInteger=1024
  theString=The String B
  createdAt=2022-04-20T19:47:05.915125900-04:00[America/Santiago]
  deletedAt=<null>
  id=2
]
19:47:05.917 [Test worker] DEBUG cl.ucn.disc.pdis.fivet.TestDAO - Retrieving...
19:47:05.961 [Test worker] DEBUG com.j256.ormlite.stmt.mapped.BaseMappedStatement - query-for-id using 'SELECT * FROM `the_entity` WHERE `id` = ?' and 1 args, got 1 result
19:47:05.962 [Test worker] DEBUG cl.ucn.disc.pdis.fivet.TestDAO - from db: cl.ucn.disc.pdis.fivet.TestDAO$TheEntity@3e0157f7[
  theBoolean=true
  theDate=2022-04-20T19:47:05.825369600-04:00[America/Santiago]
  theDouble=128.0
  theInteger=128
  theString=The String A
  createdAt=2022-04-20T19:47:05.825369600-04:00[America/Santiago]
  deletedAt=<null>
  id=1
]
19:47:05.962 [Test worker] DEBUG cl.ucn.disc.pdis.fivet.TestDAO - Deleting...
19:47:05.966 [Test worker] DEBUG com.j256.ormlite.stmt.mapped.BaseMappedStatement - delete data with statement 'DELETE FROM `the_entity` WHERE `id` = ?' and 1 args, changed 1 rows
19:47:05.972 [Test worker] DEBUG com.j256.ormlite.stmt.mapped.BaseMappedStatement - delete data with statement 'DELETE FROM `the_entity` WHERE `id` = ?' and 1 args, changed 0 rows
19:47:05.972 [Test worker] DEBUG cl.ucn.disc.pdis.fivet.TestDAO - Retrieving deleted entities...
19:47:05.973 [Test worker] DEBUG com.j256.ormlite.stmt.mapped.BaseMappedStatement - query-for-id using 'SELECT * FROM `the_entity` WHERE `id` = ?' and 1 args, got no results
19:47:05.974 [Test worker] DEBUG com.j256.ormlite.stmt.mapped.BaseMappedStatement - query-for-id using 'SELECT * FROM `the_entity` WHERE `id` = ?' and 1 args, got no results
19:47:05.975 [Test worker] INFO com.j256.ormlite.table.TableUtils - dropping table 'the_entity'
19:47:05.977 [Test worker] INFO com.j256.ormlite.table.TableUtils - executed drop table statement changed 0 rows: DROP TABLE `the_entity` 
19:47:05.978 [Test worker] DEBUG cl.ucn.disc.pdis.fivet.TestDAO - Done.
19:47:05.978 [Test worker] DEBUG com.j256.ormlite.jdbc.BaseJdbcConnectionSource - closed connection #534801297
]]></system-out>
  <system-err><![CDATA[]]></system-err>
</testsuite>
