<?xml version="1.0" encoding="UTF-8"?>
<testsuite name="cl.ucn.disc.pdis.fivet.TestDAO" tests="1" skipped="0" failures="0" errors="0" timestamp="2022-04-29T01:21:43" hostname="LAPTOP-36S05MD7" time="0.725">
  <properties/>
  <testcase name="The Main Test" classname="cl.ucn.disc.pdis.fivet.TestDAO" time="0.725"/>
  <system-out><![CDATA[21:21:43,384 |-INFO in ch.qos.logback.classic.LoggerContext[default] - Could NOT find resource [logback-test.xml]
21:21:43,385 |-INFO in ch.qos.logback.classic.LoggerContext[default] - Found resource [logback.xml] at [file:/C:/Users/murqu/IdeaProjects/FiVet/build/resources/main/logback.xml]
21:21:43,642 |-INFO in ch.qos.logback.core.joran.action.AppenderAction - About to instantiate appender of type [ch.qos.logback.core.ConsoleAppender]
21:21:43,646 |-INFO in ch.qos.logback.core.joran.action.AppenderAction - Naming appender as [STDOUT]
21:21:43,653 |-INFO in ch.qos.logback.core.joran.action.NestedComplexPropertyIA - Assuming default type [ch.qos.logback.classic.encoder.PatternLayoutEncoder] for [encoder] property
21:21:43,684 |-INFO in ch.qos.logback.core.joran.action.AppenderRefAction - Attaching appender named [STDOUT] to Logger[ROOT]
21:21:43,685 |-INFO in ch.qos.logback.classic.joran.action.ConfigurationAction - End of configuration.
21:21:43,686 |-INFO in ch.qos.logback.classic.joran.JoranConfigurator@12c9e9ef - Registering current configuration as safe fallback point
21:21:43.710 [Test worker] DEBUG cl.ucn.disc.pdis.fivet.TestDAO - Starting the MainTest...
21:21:43.712 [Test worker] DEBUG cl.ucn.disc.pdis.fivet.TestDAO - Registering the ZonedDateTimeType...
21:21:43.787 [Test worker] DEBUG cl.ucn.disc.pdis.fivet.TestDAO - Building the Connection, using: jdbc:h2:mem:fivet
21:21:43.838 [Test worker] DEBUG cl.ucn.disc.pdis.fivet.TestDAO - Dropping the tables...
21:21:43.868 [Test worker] DEBUG com.j256.ormlite.dao.DaoManager - created dao for class class cl.ucn.disc.pdis.fivet.TestDAO$TheEntity with reflection
21:21:43.869 [Test worker] INFO  com.j256.ormlite.table.TableUtils - dropping table 'the_entity'
21:21:44.099 [Test worker] DEBUG c.j.o.jdbc.BaseJdbcConnectionSource - opened connection to jdbc:h2:mem:fivet got #329678273
21:21:44.210 [Test worker] INFO  com.j256.ormlite.table.TableUtils - ignoring drop error 'org.h2.jdbc.JdbcSQLSyntaxErrorException: Tabla "THE_ENTITY" no encontrada
Table "THE_ENTITY" not found; SQL statement:
DROP TABLE `the_entity` [42102-210]' for statement: DROP TABLE `the_entity` 
21:21:44.211 [Test worker] DEBUG cl.ucn.disc.pdis.fivet.TestDAO - Creating the tables...
21:21:44.211 [Test worker] INFO  com.j256.ormlite.table.TableUtils - creating table 'the_entity'
21:21:44.226 [Test worker] INFO  com.j256.ormlite.table.TableUtils - executed create table statement changed 0 rows: CREATE TABLE `the_entity` (`theString` VARCHAR(255) NOT NULL , `theDate` VARCHAR(100) NOT NULL , `theInteger` INTEGER NOT NULL , `theDouble` DOUBLE PRECISION NOT NULL , `theBoolean` BOOLEAN NOT NULL , `id` INTEGER AUTO_INCREMENT , `deletedAt` VARCHAR(100) , `createdAt` VARCHAR(100) NOT NULL ,  UNIQUE (`theString`), PRIMARY KEY (`id`) ) 
21:21:44.227 [Test worker] DEBUG cl.ucn.disc.pdis.fivet.TestDAO - Building the ORMLiteDAO...
21:21:44.227 [Test worker] DEBUG cl.ucn.disc.pdis.fivet.TestDAO - Creating entities...
21:21:44.251 [Test worker] DEBUG c.j.o.s.mapped.BaseMappedStatement - insert data with statement 'INSERT INTO `the_entity` (`theString` ,`theDate` ,`theInteger` ,`theDouble` ,`theBoolean` ,`deletedAt` ,`createdAt` ) VALUES (?,?,?,?,?,?,?)' and 7 args, changed 1 rows
21:21:44.252 [Test worker] DEBUG c.j.o.s.mapped.BaseMappedStatement - assigned id '1' from keyholder to 'id' in TheEntity object
21:21:44.323 [Test worker] DEBUG cl.ucn.disc.pdis.fivet.TestDAO - To db: cl.ucn.disc.pdis.fivet.TestDAO$TheEntity@60143fa[
  theBoolean=true
  theDate=2022-04-28T21:21:44.228267-04:00[America/Santiago]
  theDouble=128.0
  theInteger=128
  theString=The String A
  createdAt=2022-04-28T21:21:44.228267-04:00[America/Santiago]
  deletedAt=<null>
  id=1
]
21:21:44.326 [Test worker] DEBUG c.j.o.s.mapped.BaseMappedStatement - insert data with statement 'INSERT INTO `the_entity` (`theString` ,`theDate` ,`theInteger` ,`theDouble` ,`theBoolean` ,`deletedAt` ,`createdAt` ) VALUES (?,?,?,?,?,?,?)' and 7 args, changed 1 rows
21:21:44.327 [Test worker] DEBUG c.j.o.s.mapped.BaseMappedStatement - assigned id '2' from keyholder to 'id' in TheEntity object
21:21:44.328 [Test worker] DEBUG cl.ucn.disc.pdis.fivet.TestDAO - To db: cl.ucn.disc.pdis.fivet.TestDAO$TheEntity@e76daef[
  theBoolean=false
  theDate=2022-04-28T21:21:44.325040400-04:00[America/Santiago]
  theDouble=1024.0
  theInteger=1024
  theString=The String B
  createdAt=2022-04-28T21:21:44.325040400-04:00[America/Santiago]
  deletedAt=<null>
  id=2
]
21:21:44.329 [Test worker] DEBUG cl.ucn.disc.pdis.fivet.TestDAO - Retrieving...
21:21:44.364 [Test worker] DEBUG c.j.o.s.mapped.BaseMappedStatement - query-for-id using 'SELECT * FROM `the_entity` WHERE `id` = ?' and 1 args, got 1 result
21:21:44.365 [Test worker] DEBUG cl.ucn.disc.pdis.fivet.TestDAO - from db: cl.ucn.disc.pdis.fivet.TestDAO$TheEntity@f33e6[
  theBoolean=true
  theDate=2022-04-28T21:21:44.228267-04:00[America/Santiago]
  theDouble=128.0
  theInteger=128
  theString=The String A
  createdAt=2022-04-28T21:21:44.228267-04:00[America/Santiago]
  deletedAt=<null>
  id=1
]
21:21:44.365 [Test worker] DEBUG cl.ucn.disc.pdis.fivet.TestDAO - Retrieving all...
21:21:44.369 [Test worker] DEBUG c.j256.ormlite.stmt.StatementBuilder - built statement SELECT * FROM `the_entity`
21:21:44.370 [Test worker] DEBUG c.j.o.s.mapped.BaseMappedStatement - prepared statement 'SELECT * FROM `the_entity`' with 0 args
21:21:44.372 [Test worker] DEBUG com.j256.ormlite.stmt.SelectIterator - starting iterator @600346695 for 'SELECT * FROM `the_entity`'
21:21:44.373 [Test worker] DEBUG com.j256.ormlite.stmt.SelectIterator - closed iterator @600346695 after 2 rows
21:21:44.373 [Test worker] DEBUG c.j.ormlite.stmt.StatementExecutor - query of 'SELECT * FROM `the_entity`' with 0 args returned 2 results
21:21:44.374 [Test worker] DEBUG cl.ucn.disc.pdis.fivet.TestDAO - from db: java.util.ArrayList@2dd51a55[
  size=2
]
21:21:44.374 [Test worker] DEBUG cl.ucn.disc.pdis.fivet.TestDAO - Deleting...
21:21:44.375 [Test worker] DEBUG c.j.o.s.mapped.BaseMappedStatement - query-for-id using 'SELECT * FROM `the_entity` WHERE `id` = ?' and 1 args, got 1 result
21:21:44.380 [Test worker] DEBUG c.j256.ormlite.stmt.StatementBuilder - built statement SELECT COUNT(*) FROM `the_entity` WHERE `id` = ?
21:21:44.384 [Test worker] DEBUG c.j.ormlite.stmt.StatementExecutor - query of 'SELECT COUNT(*) FROM `the_entity` WHERE `id` = ?' returned 1
21:21:44.387 [Test worker] DEBUG c.j.o.s.mapped.BaseMappedStatement - update data with statement 'UPDATE `the_entity` SET `theString` = ?, `theDate` = ?, `theInteger` = ?, `theDouble` = ?, `theBoolean` = ?, `deletedAt` = ?, `createdAt` = ? WHERE `id` = ?' and 8 args, changed 1 rows
21:21:44.389 [Test worker] DEBUG c.j.o.s.mapped.BaseMappedStatement - query-for-id using 'SELECT * FROM `the_entity` WHERE `id` = ?' and 1 args, got 1 result
21:21:44.392 [Test worker] DEBUG c.j.o.s.mapped.BaseMappedStatement - query-for-id using 'SELECT * FROM `the_entity` WHERE `id` = ?' and 1 args, got no results
21:21:44.394 [Test worker] DEBUG c.j.o.s.mapped.BaseMappedStatement - query-for-id using 'SELECT * FROM `the_entity` WHERE `id` = ?' and 1 args, got no results
21:21:44.395 [Test worker] DEBUG c.j.ormlite.stmt.StatementExecutor - query of 'SELECT COUNT(*) FROM `the_entity` WHERE `id` = ?' returned 1
21:21:44.396 [Test worker] DEBUG c.j.o.s.mapped.BaseMappedStatement - query-for-id using 'SELECT * FROM `the_entity` WHERE `id` = ?' and 1 args, got 1 result
21:21:44.397 [Test worker] DEBUG c.j.o.s.mapped.BaseMappedStatement - update data with statement 'UPDATE `the_entity` SET `theString` = ?, `theDate` = ?, `theInteger` = ?, `theDouble` = ?, `theBoolean` = ?, `deletedAt` = ?, `createdAt` = ? WHERE `id` = ?' and 8 args, changed 1 rows
21:21:44.398 [Test worker] DEBUG c.j.o.s.mapped.BaseMappedStatement - query-for-id using 'SELECT * FROM `the_entity` WHERE `id` = ?' and 1 args, got 1 result
21:21:44.398 [Test worker] DEBUG c.j.o.s.mapped.BaseMappedStatement - query-for-id using 'SELECT * FROM `the_entity` WHERE `id` = ?' and 1 args, got no results
21:21:44.399 [Test worker] DEBUG cl.ucn.disc.pdis.fivet.TestDAO - Retrieving deleted entities...
21:21:44.399 [Test worker] DEBUG c.j.o.s.mapped.BaseMappedStatement - query-for-id using 'SELECT * FROM `the_entity` WHERE `id` = ?' and 1 args, got 1 result
21:21:44.400 [Test worker] DEBUG cl.ucn.disc.pdis.fivet.TestDAO - from db: cl.ucn.disc.pdis.fivet.TestDAO$TheEntity@46480e6b[
  theBoolean=true
  theDate=2022-04-28T21:21:44.228267-04:00[America/Santiago]
  theDouble=128.0
  theInteger=128
  theString=The String A
  createdAt=2022-04-28T21:21:44.228267-04:00[America/Santiago]
  deletedAt=2022-04-28T21:21:44.384871900-04:00[America/Santiago]
  id=1
]
21:21:44.401 [Test worker] DEBUG c.j.o.s.mapped.BaseMappedStatement - query-for-id using 'SELECT * FROM `the_entity` WHERE `id` = ?' and 1 args, got 1 result
21:21:44.403 [Test worker] INFO  com.j256.ormlite.table.TableUtils - dropping table 'the_entity'
21:21:44.405 [Test worker] INFO  com.j256.ormlite.table.TableUtils - executed drop table statement changed 0 rows: DROP TABLE `the_entity` 
21:21:44.405 [Test worker] DEBUG cl.ucn.disc.pdis.fivet.TestDAO - Done.
21:21:44.406 [Test worker] DEBUG c.j.o.jdbc.BaseJdbcConnectionSource - closed connection #329678273
]]></system-out>
  <system-err><![CDATA[]]></system-err>
</testsuite>
