<?xml version="1.0" encoding="UTF-8"?>
<testsuite name="MainTest" tests="1" skipped="0" failures="0" errors="0" timestamp="2022-04-11T19:37:51" hostname="LAPTOP-36S05MD7" time="2.117">
  <properties/>
  <testcase name="testDatabase()" classname="MainTest" time="2.117"/>
  <system-out><![CDATA[15:37:53.342 [Test worker] DEBUG com.j256.ormlite.dao.DaoManager - created dao for class class cl.ucn.disc.pdis.fivet.model.Persona with reflection
15:37:53.347 [Test worker] INFO com.j256.ormlite.table.TableUtils - creating table 'persona'
15:37:53.348 [Test worker] INFO com.j256.ormlite.table.TableUtils - creating index 'persona_rut_idx' for table 'persona
15:37:53.530 [Test worker] DEBUG com.j256.ormlite.jdbc.BaseJdbcConnectionSource - opened connection to jdbc:h2:mem:fivet_db got #584291287
15:37:53.642 [Test worker] INFO com.j256.ormlite.table.TableUtils - executed create table statement changed 0 rows: CREATE TABLE IF NOT EXISTS `persona` (`id` INTEGER AUTO_INCREMENT , `nombre` VARCHAR(255) NOT NULL , `apellido` VARCHAR(255) NOT NULL , `rut` VARCHAR(255) NOT NULL , PRIMARY KEY (`id`) ) 
15:37:53.645 [Test worker] INFO com.j256.ormlite.table.TableUtils - executed create table statement changed 0 rows: CREATE INDEX IF NOT EXISTS `persona_rut_idx` ON `persona` ( `rut` )
15:37:53.668 [Test worker] DEBUG com.j256.ormlite.stmt.mapped.BaseMappedStatement - insert data with statement 'INSERT INTO `persona` (`nombre` ,`apellido` ,`rut` ) VALUES (?,?,?)' and 3 args, changed 1 rows
15:37:53.668 [Test worker] DEBUG com.j256.ormlite.stmt.mapped.BaseMappedStatement - assigned id '1' from keyholder to 'id' in Persona object
15:37:53.683 [Test worker] DEBUG com.j256.ormlite.stmt.mapped.BaseMappedStatement - query-for-id using 'SELECT * FROM `persona` WHERE `id` = ?' and 1 args, got 1 result
15:37:53.686 [Test worker] DEBUG com.j256.ormlite.jdbc.BaseJdbcConnectionSource - closed connection #584291287
]]></system-out>
  <system-err><![CDATA[]]></system-err>
</testsuite>
